<?xml version="1.0" encoding="UTF-8"?>
<!-- Generated by org.testng.reporters.JUnitXMLReporter -->
<testsuite hostname="HEMA-PC" ignored="0" name="Test" tests="3" failures="0" timestamp="02 Jul 2020 04:31:30 GMT" time="0.06" errors="0">
  <testcase name="testCase2" time="0.008" classname="TestNGPackage.Annotation_sequences"/>
  <testcase name="testCase1" time="0.002" classname="TestNGPackage.Annotation_sequences"/>
  <testcase name="testCase1" time="0.003" classname="TestNGPackage.Annotation_sequences"/>
</testsuite> <!-- Test -->
